<?xml version="1.0" encoding="UTF-8"?>
<!-- Generated by org.testng.reporters.JUnitReportReporter -->
<testsuite hostname="LAPTOP-NNQF56CK" name="google.test.GoogleLoginPageTest" tests="1" failures="0" timestamp="28 Jul 2023 08:28:12 GMT" time="0.012" errors="0">
  <testcase name="verifyPageTitleAndURL" time="0.012" classname="google.test.GoogleLoginPageTest"/>
</testsuite> <!-- google.test.GoogleLoginPageTest -->
